<?xml version="1.0" encoding="UTF-8"?>
<testng-results ignored="0" total="9" passed="8" failed="1" skipped="0">
  <reporter-output>
  </reporter-output>
  <suite started-at="2019-09-19T19:50:38 IST" name="Default suite" finished-at="2019-09-19T19:51:11 IST" duration-ms="33923">
    <groups>
    </groups>
    <test started-at="2019-09-19T19:50:38 IST" name="Default test" finished-at="2019-09-19T19:51:11 IST" duration-ms="33923">
      <class name="com.atmecs.practodoctors.testscripts.BookAppointment">
        <test-method is-config="true" signature="setup()[pri:0, instance:com.atmecs.practodoctors.testscripts.BookAppointment@3e58a80e]" started-at="2019-09-19T19:50:24 IST" name="setup" finished-at="2019-09-19T19:50:38 IST" duration-ms="13243" status="PASS">
          <reporter-output>
          </reporter-output>
        </test-method> <!-- setup -->
        <test-method signature="ClickOnDoctors()[pri:1, instance:com.atmecs.practodoctors.testscripts.BookAppointment@3e58a80e]" started-at="2019-09-19T19:50:38 IST" name="ClickOnDoctors" finished-at="2019-09-19T19:50:40 IST" duration-ms="2071" status="PASS">
          <reporter-output>
          </reporter-output>
        </test-method> <!-- ClickOnDoctors -->
        <test-method signature="CLickOnDetect()[pri:2, instance:com.atmecs.practodoctors.testscripts.BookAppointment@3e58a80e]" started-at="2019-09-19T19:50:40 IST" name="CLickOnDetect" finished-at="2019-09-19T19:50:40 IST" duration-ms="194" status="PASS">
          <reporter-output>
          </reporter-output>
        </test-method> <!-- CLickOnDetect -->
        <test-method signature="SelectSpecialities()[pri:3, instance:com.atmecs.practodoctors.testscripts.BookAppointment@3e58a80e]" started-at="2019-09-19T19:50:40 IST" name="SelectSpecialities" finished-at="2019-09-19T19:50:58 IST" duration-ms="17657" status="FAIL">
          <exception class="org.openqa.selenium.NoSuchElementException">
            <message>
              <![CDATA[no such element: Unable to locate element: {"method":"xpath","selector":"loc.field.validate.selectspeciality.dentist.xpath"}
  (Session info: chrome=76.0.3809.132)
For documentation on this error, please visit: https://www.seleniumhq.org/exceptions/no_such_element.html
Build info: version: '3.141.59', revision: 'e82be7d358', time: '2018-11-14T08:17:03'
System info: host: 'ATMECSINDT-080', ip: '40.40.40.148', os.name: 'Windows 10', os.arch: 'amd64', os.version: '10.0', java.version: '12.0.2'
Driver info: org.openqa.selenium.chrome.ChromeDriver
Capabilities {acceptInsecureCerts: false, browserName: chrome, browserVersion: 76.0.3809.132, chrome: {chromedriverVersion: 76.0.3809.126 (d80a294506b4..., userDataDir: C:\Users\SAKTHI~1.SEK\AppDa...}, goog:chromeOptions: {debuggerAddress: localhost:59410}, javascriptEnabled: true, networkConnectionEnabled: false, pageLoadStrategy: normal, platform: XP, platformName: XP, proxy: Proxy(), setWindowRect: true, strictFileInteractability: false, timeouts: {implicit: 0, pageLoad: 300000, script: 30000}, unhandledPromptBehavior: dismiss and notify}
Session ID: fd15153cbbacd4d7d8cc8d4d3f8ef124
*** Element info: {Using=xpath, value=loc.field.validate.selectspeciality.dentist.xpath}]]>
            </message>
            <full-stacktrace>
              <![CDATA[org.openqa.selenium.NoSuchElementException: no such element: Unable to locate element: {"method":"xpath","selector":"loc.field.validate.selectspeciality.dentist.xpath"}
  (Session info: chrome=76.0.3809.132)
For documentation on this error, please visit: https://www.seleniumhq.org/exceptions/no_such_element.html
Build info: version: '3.141.59', revision: 'e82be7d358', time: '2018-11-14T08:17:03'
System info: host: 'ATMECSINDT-080', ip: '40.40.40.148', os.name: 'Windows 10', os.arch: 'amd64', os.version: '10.0', java.version: '12.0.2'
Driver info: org.openqa.selenium.chrome.ChromeDriver
Capabilities {acceptInsecureCerts: false, browserName: chrome, browserVersion: 76.0.3809.132, chrome: {chromedriverVersion: 76.0.3809.126 (d80a294506b4..., userDataDir: C:\Users\SAKTHI~1.SEK\AppDa...}, goog:chromeOptions: {debuggerAddress: localhost:59410}, javascriptEnabled: true, networkConnectionEnabled: false, pageLoadStrategy: normal, platform: XP, platformName: XP, proxy: Proxy(), setWindowRect: true, strictFileInteractability: false, timeouts: {implicit: 0, pageLoad: 300000, script: 30000}, unhandledPromptBehavior: dismiss and notify}
Session ID: fd15153cbbacd4d7d8cc8d4d3f8ef124
*** Element info: {Using=xpath, value=loc.field.validate.selectspeciality.dentist.xpath}
at java.base/jdk.internal.reflect.NativeConstructorAccessorImpl.newInstance0(Native Method)
at java.base/jdk.internal.reflect.NativeConstructorAccessorImpl.newInstance(NativeConstructorAccessorImpl.java:62)
at java.base/jdk.internal.reflect.DelegatingConstructorAccessorImpl.newInstance(DelegatingConstructorAccessorImpl.java:45)
at java.base/java.lang.reflect.Constructor.newInstanceWithCaller(Constructor.java:500)
at java.base/java.lang.reflect.Constructor.newInstance(Constructor.java:481)
at org.openqa.selenium.remote.http.W3CHttpResponseCodec.createException(W3CHttpResponseCodec.java:187)
at org.openqa.selenium.remote.http.W3CHttpResponseCodec.decode(W3CHttpResponseCodec.java:122)
at org.openqa.selenium.remote.http.W3CHttpResponseCodec.decode(W3CHttpResponseCodec.java:49)
at org.openqa.selenium.remote.HttpCommandExecutor.execute(HttpCommandExecutor.java:158)
at org.openqa.selenium.remote.service.DriverCommandExecutor.execute(DriverCommandExecutor.java:83)
at org.openqa.selenium.remote.RemoteWebDriver.execute(RemoteWebDriver.java:552)
at org.openqa.selenium.remote.RemoteWebDriver.findElement(RemoteWebDriver.java:323)
at org.openqa.selenium.remote.RemoteWebDriver.findElementByXPath(RemoteWebDriver.java:428)
at org.openqa.selenium.By$ByXPath.findElement(By.java:353)
at org.openqa.selenium.remote.RemoteWebDriver.findElement(RemoteWebDriver.java:315)
at com.atmecs.practodoctors.validatescripts.ValidatePractoDoctors.ValidateSpecialities(ValidatePractoDoctors.java:17)
at com.atmecs.practodoctors.testscripts.BookAppointment.SelectSpecialities(BookAppointment.java:45)
at java.base/jdk.internal.reflect.NativeMethodAccessorImpl.invoke0(Native Method)
at java.base/jdk.internal.reflect.NativeMethodAccessorImpl.invoke(NativeMethodAccessorImpl.java:62)
at java.base/jdk.internal.reflect.DelegatingMethodAccessorImpl.invoke(DelegatingMethodAccessorImpl.java:43)
at java.base/java.lang.reflect.Method.invoke(Method.java:567)
at org.testng.internal.MethodInvocationHelper.invokeMethod(MethodInvocationHelper.java:133)
at org.testng.internal.TestInvoker.invokeMethod(TestInvoker.java:584)
at org.testng.internal.TestInvoker.invokeTestMethod(TestInvoker.java:172)
at org.testng.internal.MethodRunner.runInSequence(MethodRunner.java:46)
at org.testng.internal.TestInvoker$MethodInvocationAgent.invoke(TestInvoker.java:804)
at org.testng.internal.TestInvoker.invokeTestMethods(TestInvoker.java:145)
at org.testng.internal.TestMethodWorker.invokeTestMethods(TestMethodWorker.java:146)
at org.testng.internal.TestMethodWorker.run(TestMethodWorker.java:128)
at java.base/java.util.ArrayList.forEach(ArrayList.java:1540)
at org.testng.TestRunner.privateRun(TestRunner.java:770)
at org.testng.TestRunner.run(TestRunner.java:591)
at org.testng.SuiteRunner.runTest(SuiteRunner.java:402)
at org.testng.SuiteRunner.runSequentially(SuiteRunner.java:396)
at org.testng.SuiteRunner.privateRun(SuiteRunner.java:355)
at org.testng.SuiteRunner.run(SuiteRunner.java:304)
at org.testng.SuiteRunnerWorker.runSuite(SuiteRunnerWorker.java:53)
at org.testng.SuiteRunnerWorker.run(SuiteRunnerWorker.java:96)
at org.testng.TestNG.runSuitesSequentially(TestNG.java:1180)
at org.testng.TestNG.runSuitesLocally(TestNG.java:1102)
at org.testng.TestNG.runSuites(TestNG.java:1032)
at org.testng.TestNG.run(TestNG.java:1000)
at org.testng.remote.AbstractRemoteTestNG.run(AbstractRemoteTestNG.java:115)
at org.testng.remote.RemoteTestNG.initAndRun(RemoteTestNG.java:251)
at org.testng.remote.RemoteTestNG.main(RemoteTestNG.java:77)
]]>
            </full-stacktrace>
          </exception> <!-- org.openqa.selenium.NoSuchElementException -->
          <reporter-output>
          </reporter-output>
        </test-method> <!-- SelectSpecialities -->
        <test-method signature="ClickOnAvailability()[pri:4, instance:com.atmecs.practodoctors.testscripts.BookAppointment@3e58a80e]" started-at="2019-09-19T19:50:58 IST" name="ClickOnAvailability" finished-at="2019-09-19T19:50:58 IST" duration-ms="95" status="PASS">
          <reporter-output>
          </reporter-output>
        </test-method> <!-- ClickOnAvailability -->
        <test-method signature="SelectAvailability()[pri:5, instance:com.atmecs.practodoctors.testscripts.BookAppointment@3e58a80e]" started-at="2019-09-19T19:50:58 IST" name="SelectAvailability" finished-at="2019-09-19T19:50:58 IST" duration-ms="186" status="PASS">
          <reporter-output>
          </reporter-output>
        </test-method> <!-- SelectAvailability -->
        <test-method signature="ClickRelevance()[pri:6, instance:com.atmecs.practodoctors.testscripts.BookAppointment@3e58a80e]" started-at="2019-09-19T19:50:58 IST" name="ClickRelevance" finished-at="2019-09-19T19:51:01 IST" duration-ms="3430" status="PASS">
          <reporter-output>
          </reporter-output>
        </test-method> <!-- ClickRelevance -->
        <test-method signature="SelectLowToHigh()[pri:7, instance:com.atmecs.practodoctors.testscripts.BookAppointment@3e58a80e]" started-at="2019-09-19T19:51:01 IST" name="SelectLowToHigh" finished-at="2019-09-19T19:51:08 IST" duration-ms="6697" status="PASS">
          <reporter-output>
          </reporter-output>
        </test-method> <!-- SelectLowToHigh -->
        <test-method signature="ClickOnBookAppointment()[pri:8, instance:com.atmecs.practodoctors.testscripts.BookAppointment@3e58a80e]" started-at="2019-09-19T19:51:08 IST" name="ClickOnBookAppointment" finished-at="2019-09-19T19:51:11 IST" duration-ms="2878" status="PASS">
          <reporter-output>
          </reporter-output>
        </test-method> <!-- ClickOnBookAppointment -->
        <test-method signature="ClickOnCallNow()[pri:9, instance:com.atmecs.practodoctors.testscripts.BookAppointment@3e58a80e]" started-at="2019-09-19T19:51:11 IST" name="ClickOnCallNow" finished-at="2019-09-19T19:51:11 IST" duration-ms="634" status="PASS">
          <reporter-output>
          </reporter-output>
        </test-method> <!-- ClickOnCallNow -->
      </class> <!-- com.atmecs.practodoctors.testscripts.BookAppointment -->
    </test> <!-- Default test -->
  </suite> <!-- Default suite -->
</testng-results>
